<?xml version="1.0" encoding="utf-8"?><testsuites name="pytest tests"><testsuite name="pytest" errors="0" failures="0" skipped="0" tests="10" time="1.269" timestamp="2026-05-06T17:25:09.466172+00:00" hostname="agent-env-4e8ff353-50e0-43aa-9c2b-100968d5f8bb"><testcase classname="backend.tests.test_dpm_ub_api.TestRoot" name="test_root_greeting" time="0.442" /><testcase classname="backend.tests.test_dpm_ub_api.TestAspirasi" name="test_create_aspirasi_success" time="0.062" /><testcase classname="backend.tests.test_dpm_ub_api.TestAspirasi" name="test_create_persisted_in_list" time="0.073" /><testcase classname="backend.tests.test_dpm_ub_api.TestAspirasi" name="test_list_sorted_desc" time="0.117" /><testcase classname="backend.tests.test_dpm_ub_api.TestAspirasi" name="test_invalid_kategori_422" time="0.063" /><testcase classname="backend.tests.test_dpm_ub_api.TestAspirasi" name="test_short_isi_422" time="0.062" /><testcase classname="backend.tests.test_dpm_ub_api.TestAspirasi" name="test_missing_field_422" time="0.064" /><testcase classname="backend.tests.test_dpm_ub_api.TestAspirasi" name="test_stats_endpoint" time="0.062" /><testcase classname="backend.tests.test_dpm_ub_api.TestAspirasi" name="test_limit_out_of_range" time="0.055" /><testcase classname="backend.tests.test_dpm_ub_api.TestAspirasi" name="test_limit_zero" time="0.056" /></testsuite></testsuites>